2023-10-16 13:57:24,700 - INFO - MAIN: ---Starting the Mad Libs game.---
2023-10-16 13:57:24,700 - INFO - MAIN: Collecting stories.
2023-10-16 13:57:24,700 - INFO - GET_STORIES: ---Starting to collect stories.---
2023-10-16 13:57:24,701 - INFO - GET_STORIES: Found story files: ['src/stories\\the_great_race_story.py', 'src/stories\\the_magical_school_story.py', 'src/stories\\the_mysterious_forest_story.py', 'src/stories\\the_space_voyage_story.py']
2023-10-16 13:57:24,701 - INFO - GET_STORIES: Successfully collected stories: ['the_great_race', 'the_magical_school', 'the_mysterious_forest', 'the_space_voyage']
2023-10-16 13:57:24,701 - INFO - GET_STORIES: Number of stories: 4
2023-10-16 13:57:24,701 - INFO - MAIN: Selected story: the_magical_school
2023-10-16 13:57:24,701 - INFO - MAIN: Importing the story module.
2023-10-16 13:57:24,702 - INFO - MAIN: Getting the story class.
2023-10-16 13:57:24,702 - INFO - MAIN: Running the Mad Libs game.
2023-10-16 13:57:24,702 - INFO - MAIN: Running the Mad Libs helper function.
2023-10-16 13:57:24,703 - INFO - MAIN: Getting user inputs.
2023-10-16 13:57:32,927 - INFO - MAIN: User input for ADJECTIVE_1 : smart
2023-10-16 13:57:47,617 - INFO - MAIN: User input for NOUN_1 : boy
2023-10-16 13:57:54,653 - INFO - MAIN: User input for PROFESSION_1 : teacher
2023-10-16 13:58:02,104 - INFO - MAIN: User input for NAME_1 : john
2023-10-16 13:58:07,762 - INFO - MAIN: User input for ADJECTIVE_2 : brave
2023-10-16 13:58:13,172 - INFO - MAIN: User input for PLACE_1 : school
2023-10-16 13:58:23,240 - INFO - MAIN: User input for MAGIC_WORD_1 : exporento
2023-10-16 13:58:29,310 - INFO - MAIN: User input for OBJECT_1 : goldj
2023-10-16 13:58:33,488 - INFO - MAIN: User input for ANIMAL_1 : dog
2023-10-16 13:58:41,011 - INFO - MAIN: User input for NAME_2 : bethy
2023-10-16 13:58:47,913 - INFO - MAIN: User input for ADJECTIVE_3 : beautiful
2023-10-16 13:58:47,914 - INFO - MAIN: Updating the story with the new user input.
2023-10-16 13:58:47,915 - INFO - MAIN: Printed paragraph 1.
2023-10-16 13:58:47,915 - INFO - MAIN: Running the Mad Libs helper function.
2023-10-16 13:58:47,915 - INFO - MAIN: Getting user inputs.
2023-10-16 13:59:57,308 - INFO - MAIN: User input for ADJECTIVE_4 : rich
2023-10-16 14:00:04,241 - INFO - MAIN: User input for INGREDIENT_1 : fire
2023-10-16 14:00:10,563 - INFO - MAIN: User input for MAGIC_WORD_2 : exponento
2023-10-16 14:00:14,504 - INFO - MAIN: User input for EMOTION_1 : joyful
2023-10-16 14:00:23,422 - INFO - MAIN: User input for VERB_1 : running
2023-10-16 14:00:31,029 - INFO - MAIN: User input for ADJECTIVE_5 : nice
2023-10-16 14:00:31,029 - INFO - MAIN: Updating the story with the new user input.
2023-10-16 14:00:31,031 - INFO - MAIN: Finished the Mad Libs game.
